<?xml version="1.0" encoding="UTF-8"?>
<!-- Generated by org.testng.reporters.JUnitXMLReporter -->
<testsuite ignored="0" hostname="LAPTOP-MQ7POIOU" failures="0" tests="4" name="Default test(failed)" time="40.727" errors="0" timestamp="2023-07-31T19:43:47 IST">
  <testcase classname="testClasses.LogIn" name="verifyLoginPage" time="26.344"/>
  <testcase classname="testClasses.LogIn" name="verifyCurrentUrl" time="0.257"/>
  <testcase classname="testClasses.LogIn" name="verifyProductsPage" time="4.593"/>
  <testcase classname="testClasses.LogIn" name="verifyPriceDynamically" time="5.314"/>
</testsuite> <!-- Default test(failed) -->
