<?xml version="1.0" encoding="UTF-8"?>
<!-- Generated by org.testng.reporters.JUnitXMLReporter -->
<testsuite ignored="0" hostname="LAPTOP-MQ7POIOU" failures="0" tests="4" name="LogIn" time="43.838" errors="0" timestamp="2024-04-29T20:17:33 IST">
  <testcase classname="testClasses.LogIn" name="verifyLoginPage" time="9.656"/>
  <testcase classname="testClasses.LogIn" name="verifyCurrentUrl" time="20.55"/>
  <testcase classname="testClasses.LogIn" name="verifyProductsPage" time="4.159"/>
  <testcase classname="testClasses.LogIn" name="verifyPriceDynamically" time="5.378"/>
</testsuite> <!-- LogIn -->
