<?xml version="1.0" encoding="UTF-8"?>
<!-- Generated by org.testng.reporters.JUnitXMLReporter -->
<testsuite ignored="0" hostname="LAPTOP-MQ7POIOU" failures="0" tests="5" name="LogIn" time="50.56" errors="0" timestamp="2024-05-15T23:17:17 IST">
  <testcase classname="testClasses.LogIn" name="verifyLoginPage" time="9.706"/>
  <testcase classname="testClasses.LogIn" name="verifyCurrentUrl" time="22.767"/>
  <testcase classname="testClasses.LogIn" name="verifyProductsPage" time="4.153"/>
  <testcase classname="testClasses.LogIn" name="verifyPriceDynamically" time="5.418"/>
  <testcase classname="testClasses.LogIn" name="checkOutValidation" time="4.768"/>
</testsuite> <!-- LogIn -->
