<?xml version="1.0" encoding="UTF-8"?>
<!-- Generated by org.testng.reporters.JUnitXMLReporter -->
<testsuite ignored="0" hostname="LAPTOP-MQ7POIOU" failures="0" tests="5" name="Parameterize_LogIn" time="43.151" errors="0" timestamp="2024-05-15T21:32:37 IST">
  <testcase classname="testClasses.Parameterize_LogIn" name="loginTest" time="6.601"/>
  <testcase classname="testClasses.Parameterize_LogIn" name="loginTest" time="6.664"/>
  <testcase classname="testClasses.Parameterize_LogIn" name="loginTest" time="12.584"/>
  <testcase classname="testClasses.Parameterize_LogIn" name="loginTest" time="7.269"/>
  <testcase classname="testClasses.Parameterize_LogIn" name="loginTest" time="6.499"/>
</testsuite> <!-- Parameterize_LogIn -->
