<?xml version="1.0" encoding="UTF-8"?>
<!-- Generated by org.testng.reporters.JUnitXMLReporter -->
<testsuite ignored="0" hostname="LAPTOP-MQ7POIOU" failures="0" tests="5" name="Parameterize_LogIn" time="42.574" errors="0" timestamp="2024-04-29T20:17:32 IST">
  <testcase classname="testClasses.Parameterize_LogIn" name="loginTest" time="6.831"/>
  <testcase classname="testClasses.Parameterize_LogIn" name="loginTest" time="6.63"/>
  <testcase classname="testClasses.Parameterize_LogIn" name="loginTest" time="11.823"/>
  <testcase classname="testClasses.Parameterize_LogIn" name="loginTest" time="6.704"/>
  <testcase classname="testClasses.Parameterize_LogIn" name="loginTest" time="6.628"/>
</testsuite> <!-- Parameterize_LogIn -->
