<?xml version="1.0" encoding="UTF-8"?>
<!-- Generated by org.testng.reporters.JUnitXMLReporter -->
<testsuite ignored="0" hostname="LAPTOP-MQ7POIOU" failures="0" tests="4" name="TestOnChrome" time="87.326" errors="0" timestamp="2023-08-01T19:09:10 IST">
  <testcase classname="testClasses.baseClass" name="@BeforeMethod launchBrowser" time="87.281">
    <failure type="java.lang.RuntimeException" message="URL is not specified in the properties file.">
      <![CDATA[java.lang.RuntimeException: URL is not specified in the properties file.
at testClasses.baseClass.launchBrowser(baseClass.java:49)
at java.base/java.util.ArrayList.forEach(ArrayList.java:1511)
at java.base/java.util.concurrent.FutureTask.run(FutureTask.java:264)
at java.base/java.util.concurrent.ThreadPoolExecutor.runWorker(ThreadPoolExecutor.java:1136)
at java.base/java.util.concurrent.ThreadPoolExecutor$Worker.run(ThreadPoolExecutor.java:635)
at java.base/java.lang.Thread.run(Thread.java:833)
... Removed 21 stack frames]]>
    </failure>
  </testcase> <!-- @BeforeMethod launchBrowser -->
  <testcase classname="testClasses.baseClass" name="@AfterMethod closeBrowser" time="0.0">
    <skipped/>
  </testcase> <!-- @AfterMethod closeBrowser -->
  <testcase classname="testClasses.LogIn" name="verifyLoginPage" time="0.0">
    <skipped/>
  </testcase> <!-- verifyLoginPage -->
  <testcase classname="testClasses.LogIn" name="verifyCurrentUrl" time="0.0">
    <skipped/>
  </testcase> <!-- verifyCurrentUrl -->
  <testcase classname="testClasses.LogIn" name="verifyProductsPage" time="0.0">
    <skipped/>
  </testcase> <!-- verifyProductsPage -->
  <testcase classname="testClasses.LogIn" name="verifyPriceDynamically" time="0.001">
    <skipped/>
  </testcase> <!-- verifyPriceDynamically -->
</testsuite> <!-- TestOnChrome -->
