<?xml version="1.0" encoding="UTF-8"?>
<!-- Generated by org.testng.reporters.JUnitXMLReporter -->
<testsuite ignored="0" hostname="LAPTOP-MQ7POIOU" failures="0" tests="4" name="Test" time="101.179" errors="0" timestamp="2023-12-09T11:24:47 IST">
  <testcase classname="testClasses.LogIn" name="verifyLoginPage" time="9.505"/>
  <testcase classname="testClasses.LogIn" name="verifyCurrentUrl" time="36.322"/>
  <testcase classname="testClasses.LogIn" name="verifyProductsPage" time="4.431"/>
  <testcase classname="testClasses.LogIn" name="verifyPriceDynamically" time="5.423"/>
</testsuite> <!-- Test -->
