<?xml version="1.0" encoding="UTF-8"?>
<!-- Generated by org.testng.reporters.JUnitXMLReporter -->
<testsuite ignored="0" hostname="LAPTOP-MQ7POIOU" failures="0" tests="4" name="Test" time="33.018" errors="0" timestamp="2023-12-08T16:12:05 IST">
  <testcase classname="testClasses.LogIn" name="verifyLoginPage" time="9.535"/>
  <testcase classname="testClasses.LogIn" name="verifyCurrentUrl" time="10.242"/>
  <testcase classname="testClasses.LogIn" name="verifyProductsPage" time="4.305"/>
  <testcase classname="testClasses.LogIn" name="verifyPriceDynamically" time="5.313"/>
</testsuite> <!-- Test -->
