<?xml version="1.0" encoding="UTF-8"?>
<testng-results ignored="0" total="1" passed="1" failed="0" skipped="0">
  <reporter-output>
  </reporter-output>
  <suite started-at="2023-07-30T20:40:12 IST" name="Suite" finished-at="2023-07-30T20:41:50 IST" duration-ms="98050">
    <groups>
    </groups>
    <test started-at="2023-07-30T20:40:12 IST" name="Test" finished-at="2023-07-30T20:41:50 IST" duration-ms="98050">
      <class name="testClasses.LogIn">
        <test-method is-config="true" signature="setUp()[pri:0, instance:testClasses.LogIn@65c7a252]" started-at="2023-07-30T20:40:12 IST" name="setUp" finished-at="2023-07-30T20:40:12 IST" duration-ms="13" status="PASS">
          <reporter-output>
          </reporter-output>
        </test-method> <!-- setUp -->
        <test-method is-config="true" signature="launchBrowser()[pri:0, instance:testClasses.LogIn@65c7a252]" started-at="2023-07-30T20:40:12 IST" name="launchBrowser" finished-at="2023-07-30T20:41:39 IST" duration-ms="87347" status="PASS">
          <reporter-output>
          </reporter-output>
        </test-method> <!-- launchBrowser -->
        <test-method signature="verifyLoginPage()[pri:1, instance:testClasses.LogIn@65c7a252]" started-at="2023-07-30T20:41:39 IST" name="verifyLoginPage" finished-at="2023-07-30T20:41:50 IST" duration-ms="10472" status="PASS">
          <reporter-output>
          </reporter-output>
        </test-method> <!-- verifyLoginPage -->
        <test-method is-config="true" signature="closeBrowser()[pri:0, instance:testClasses.LogIn@65c7a252]" started-at="2023-07-30T20:41:50 IST" name="closeBrowser" finished-at="2023-07-30T20:41:50 IST" duration-ms="192" status="PASS">
          <reporter-output>
          </reporter-output>
        </test-method> <!-- closeBrowser -->
      </class> <!-- testClasses.LogIn -->
    </test> <!-- Test -->
  </suite> <!-- Suite -->
</testng-results>
